<?xml version="1.0" encoding="UTF-8"?>
<!-- Generated by org.testng.reporters.JUnitReportReporter -->
<testsuite skipped="0" hostname="DESKTOP-LNNQE2O" name="tests.LoginPageTest" tests="1" failures="0" timestamp="2020-01-14T21:45:15 CET" time="30.889" errors="0">
  <testcase name="basicLogin" time="30.889" classname="tests.LoginPageTest"/>
</testsuite> <!-- tests.LoginPageTest -->
