<?xml version="1.0" encoding="UTF-8"?>
<!-- Generated by org.testng.reporters.JUnitReportReporter -->
<testsuite skipped="0" hostname="DESKTOP-LNNQE2O" name="utils.EmployeeExcel" tests="3" failures="0" timestamp="2020-01-27T21:59:48 CET" time="40.735" errors="0">
  <testcase name="basicLogin" time="28.930" classname="utils.EmployeeExcel"/>
  <testcase name="Staff" time="8.413" classname="utils.EmployeeExcel"/>
  <testcase name="Staff2" time="3.392" classname="utils.EmployeeExcel"/>
</testsuite> <!-- utils.EmployeeExcel -->
