<?xml version="1.0" encoding="UTF-8"?>
<!-- Generated by org.testng.reporters.JUnitReportReporter -->
<testsuite skipped="0" hostname="DESKTOP-LNNQE2O" name="tests.EditStaffPageTest" tests="4" failures="0" timestamp="2020-01-16T14:41:42 CET" time="42.673" errors="0">
  <testcase name="basicLogin" time="28.605" classname="tests.EditStaffPageTest"/>
  <testcase name="Profile" time="3.617" classname="tests.EditStaffPageTest"/>
  <testcase name="EditProfile" time="8.661" classname="tests.EditStaffPageTest"/>
  <testcase name="EditProfile2" time="1.790" classname="tests.EditStaffPageTest"/>
</testsuite> <!-- tests.EditStaffPageTest -->
