<?xml version="1.0" encoding="UTF-8"?>
<!-- Generated by org.testng.reporters.JUnitReportReporter -->
<testsuite skipped="0" hostname="DESKTOP-LNNQE2O" name="tests.ProfilePageTest" tests="5" failures="0" timestamp="2020-01-16T12:24:18 CET" time="44.817" errors="0">
  <testcase name="basicLogin" time="31.908" classname="tests.ProfilePageTest"/>
  <testcase name="Profile" time="3.602" classname="tests.ProfilePageTest"/>
  <testcase name="Settings" time="2.941" classname="tests.ProfilePageTest"/>
  <testcase name="Availability" time="2.474" classname="tests.ProfilePageTest"/>
  <testcase name="LogOut" time="3.892" classname="tests.ProfilePageTest"/>
</testsuite> <!-- tests.ProfilePageTest -->
