<?xml version="1.0" encoding="UTF-8"?>
<!-- Generated by org.testng.reporters.JUnitReportReporter -->
<testsuite skipped="0" hostname="DESKTOP-LNNQE2O" name="tests.StaffPageTest" tests="3" failures="0" timestamp="2020-01-27T19:49:36 CET" time="60.045" errors="0">
  <testcase name="basicLogin" time="47.031" classname="tests.StaffPageTest"/>
  <testcase name="AddingStaff1" time="9.230" classname="tests.StaffPageTest"/>
  <testcase name="AddingStaff2" time="3.784" classname="tests.StaffPageTest"/>
</testsuite> <!-- tests.StaffPageTest -->
